<?xml version="1.0" encoding="UTF-8"?>
<!-- Generated by org.testng.reporters.JUnitReportReporter -->
<testsuite hostname="ArinaJoshi" failures="0" tests="5" name="testng.Day6JS" time="29.129" errors="0" timestamp="2023-10-04T10:34:49 CDT" skipped="0">
  <testcase classname="testng.Day6JS" name="testcase4" time="9.131"/>
  <testcase classname="testng.Day6JS" name="testCase1" time="4.584"/>
  <testcase classname="testng.Day6JS" name="testCase" time="3.471"/>
  <testcase classname="testng.Day6JS" name="testCase2" time="6.232"/>
  <testcase classname="testng.Day6JS" name="testcase3" time="5.711"/>
</testsuite> <!-- testng.Day6JS -->
