<?xml version="1.0" encoding="UTF-8"?>
<!-- Generated by org.testng.reporters.JUnitReportReporter -->
<testsuite hostname="ArinaJoshi" failures="0" tests="3" name="testng.Day12d" time="0.022" errors="0" timestamp="2023-10-07T14:19:35 CDT" skipped="1">
  <testcase classname="testng.Day12d" name="TestOne" time="0.020"/>
  <testcase classname="testng.Day12d" name="TestTwo" time="0.002"/>
  <testcase classname="testng.Day12d" name="TestThree">
    <skipped/>
  </testcase> <!-- TestThree -->
</testsuite> <!-- testng.Day12d -->
