<?xml version="1.0" encoding="UTF-8"?>
<!-- Generated by org.testng.reporters.JUnitReportReporter -->
<testsuite hostname="ArinaJoshi" failures="0" tests="3" name="testng.Day12a" time="0.016" errors="0" timestamp="2023-10-07T14:03:24 CDT" skipped="0">
  <testcase classname="testng.Day12a" name="TestcaseThree" time="0.003"/>
  <testcase classname="testng.Day12a" name="TestcaseTwo" time="0.002"/>
  <testcase classname="testng.Day12a" name="TestcaseOne" time="0.011"/>
</testsuite> <!-- testng.Day12a -->
