<?xml version="1.0" encoding="UTF-8"?>
<!-- Generated by org.testng.reporters.JUnitReportReporter -->
<testsuite hostname="ArinaJoshi" failures="0" tests="4" name="testng.Day2" time="0.022" errors="0" timestamp="2023-10-03T14:10:16 CDT" skipped="0">
  <testcase classname="testng.Day2" name="testcase2" time="0.001"/>
  <testcase classname="testng.Day2" name="testcase4" time="0.001"/>
  <testcase classname="testng.Day2" name="testcase1" time="0.019"/>
  <testcase classname="testng.Day2" name="testcase3" time="0.001"/>
</testsuite> <!-- testng.Day2 -->
