<?xml version="1.0" encoding="UTF-8"?>
<!-- Generated by org.testng.reporters.JUnitReportReporter -->
<testsuite hostname="ArinaJoshi" failures="0" tests="3" name="testng.Day13Group" time="0.015" errors="0" timestamp="2023-10-23T19:09:50 CDT" skipped="0">
  <testcase classname="testng.Day13Group" name="testCase3" time="0.002"/>
  <testcase classname="testng.Day13Group" name="testCase2" time="0.002"/>
  <testcase classname="testng.Day13Group" name="testCase1" time="0.011"/>
</testsuite> <!-- testng.Day13Group -->
