<?xml version="1.0" encoding="UTF-8"?>
<!-- Generated by org.testng.reporters.JUnitReportReporter -->
<testsuite hostname="ArinaJoshi" failures="0" tests="1" name="testng.Day10AutoDrop" time="4.185" errors="0" timestamp="2023-10-06T11:30:55 CDT" skipped="0">
  <testcase classname="testng.Day10AutoDrop" name="AutoSuggestiveDropDownTwo" time="4.185"/>
</testsuite> <!-- testng.Day10AutoDrop -->
