<?xml version="1.0" encoding="UTF-8"?>
<!-- Generated by org.testng.reporters.JUnitReportReporter -->
<testsuite hostname="ArinaJoshi" failures="0" tests="3" name="testng.Day12e" time="0.014" errors="0" timestamp="2023-10-07T14:30:10 CDT" skipped="1">
  <testcase classname="testng.Day12e" name="TestFive" time="0.013"/>
  <testcase classname="testng.Day12e" name="TestThree" time="0.001"/>
  <testcase classname="testng.Day12e" name="TestFour">
    <skipped/>
  </testcase> <!-- TestFour -->
</testsuite> <!-- testng.Day12e -->
