<?xml version="1.0" encoding="UTF-8"?>
<!-- Generated by org.testng.reporters.JUnitReportReporter -->
<testsuite hostname="ArinaJoshi" failures="0" tests="3" name="testng.Day11" time="8.104" errors="0" timestamp="2023-10-06T12:32:51 CDT" skipped="0">
  <testcase classname="testng.Day11" name="TestCase3" time="1.787"/>
  <testcase classname="testng.Day11" name="TestCase4" time="1.551"/>
  <testcase classname="testng.Day11" name="TestCase2" time="4.766"/>
</testsuite> <!-- testng.Day11 -->
