<?xml version="1.0" encoding="UTF-8"?>
<!-- Generated by org.testng.reporters.JUnitReportReporter -->
<testsuite hostname="ArinaJoshi" failures="0" tests="1" name="testng.Day16Calendar" time="7.105" errors="0" timestamp="2023-10-13T11:47:28 CDT" skipped="0">
  <testcase classname="testng.Day16Calendar" name="CalendarTest" time="7.105"/>
</testsuite> <!-- testng.Day16Calendar -->
