<?xml version="1.0" encoding="UTF-8"?>
<!-- Generated by org.testng.reporters.JUnitReportReporter -->
<testsuite hostname="ArinaJoshi" failures="0" tests="2" name="testng.Day6" time="9.877" errors="0" timestamp="2023-10-23T12:11:14 CDT" skipped="0">
  <testcase classname="testng.Day6" name="test1" time="6.634"/>
  <testcase classname="testng.Day6" name="test2" time="3.243"/>
</testsuite> <!-- testng.Day6 -->
