<?xml version="1.0" encoding="UTF-8"?>
<!-- Generated by org.testng.reporters.JUnitReportReporter -->
<testsuite hostname="ArinaJoshi" failures="0" tests="1" name="testng.day1" time="0.017" errors="0" timestamp="2023-10-03T13:58:12 CDT" skipped="0">
  <testcase classname="testng.day1" name="test1" time="0.017"/>
</testsuite> <!-- testng.day1 -->
