<?xml version="1.0" encoding="UTF-8"?>
<!-- Generated by org.testng.reporters.JUnitReportReporter -->
<testsuite hostname="ArinaJoshi" failures="0" tests="4" name="testcaseSauceDemo.Login" time="2.915" errors="0" timestamp="2023-10-16T10:15:41 CDT" skipped="0">
  <testcase classname="testcaseSauceDemo.Login" name="verifyTitleForLogin" time="0.017"/>
  <testcase classname="testcaseSauceDemo.Login" name="testSuccessfulLogin" time="0.559"/>
  <testcase classname="testcaseSauceDemo.Login" name="testLoginWithoutUsername" time="0.367"/>
  <testcase classname="testcaseSauceDemo.Login" name="testLoginWithoutPassword" time="1.972"/>
</testsuite> <!-- testcaseSauceDemo.Login -->
