<?xml version="1.0" encoding="UTF-8"?>
<!-- Generated by org.testng.reporters.JUnitReportReporter -->
<testsuite hostname="ArinaJoshi" failures="0" tests="1" name="testcaseSauceDemo.Product" time="0.046" errors="0" timestamp="2023-10-17T10:17:29 CDT" skipped="0">
  <testcase classname="testcaseSauceDemo.Product" name="VerifyTitleForProduct" time="0.046"/>
</testsuite> <!-- testcaseSauceDemo.Product -->
