<?xml version="1.0" encoding="UTF-8"?>
<!-- Generated by org.testng.reporters.JUnitReportReporter -->
<testsuite hostname="ArinaJoshi" failures="0" tests="3" name="testng.Day13b" time="0.012" errors="0" timestamp="2023-10-08T20:14:51 CDT" skipped="0">
  <testcase classname="testng.Day13b" name="testCase6" time="0.001"/>
  <testcase classname="testng.Day13b" name="testCase4" time="0.010"/>
  <testcase classname="testng.Day13b" name="testCase5" time="0.001"/>
</testsuite> <!-- testng.Day13b -->
