<?xml version="1.0" encoding="UTF-8"?>
<!-- Generated by org.testng.reporters.JUnitReportReporter -->
<testsuite hostname="ArinaJoshi" failures="0" tests="1" name="testng.Day9b" time="4.443" errors="0" timestamp="2023-10-23T12:44:19 CDT" skipped="0">
  <testcase classname="testng.Day9b" name="login" time="4.443"/>
</testsuite> <!-- testng.Day9b -->
