<?xml version="1.0" encoding="UTF-8"?>
<!-- Generated by org.testng.reporters.JUnitReportReporter -->
<testsuite hostname="ArinaJoshi" failures="0" tests="3" name="testng.Day9DataProvider" time="16.351" errors="0" timestamp="2023-10-05T23:28:25 CDT" skipped="0">
  <testcase classname="testng.Day9DataProvider" name="Login" time="3.149"/>
  <testcase classname="testng.Day9DataProvider" name="Login" time="4.563"/>
  <testcase classname="testng.Day9DataProvider" name="Login" time="8.639"/>
</testsuite> <!-- testng.Day9DataProvider -->
