<?xml version="1.0" encoding="UTF-8"?>
<!-- Generated by org.testng.reporters.JUnitReportReporter -->
<testsuite hostname="ArinaJoshi" failures="0" tests="3" name="testng.Day3" time="0.014" errors="0" timestamp="2023-10-20T20:29:27 CDT" skipped="0">
  <testcase classname="testng.Day3" name="test1" time="0.012"/>
  <testcase classname="testng.Day3" name="test2" time="0.001"/>
  <testcase classname="testng.Day3" name="test3" time="0.001"/>
</testsuite> <!-- testng.Day3 -->
