<?xml version="1.0" encoding="UTF-8"?>
<!-- Generated by org.testng.reporters.JUnitReportReporter -->
<testsuite hostname="ArinaJoshi" failures="0" tests="1" name="testng.Day15ScreenShot" time="6.175" errors="0" timestamp="2023-10-09T22:25:17 CDT" skipped="0">
  <testcase classname="testng.Day15ScreenShot" name="TestCaseOne" time="6.175"/>
</testsuite> <!-- testng.Day15ScreenShot -->
