<?xml version="1.0" encoding="UTF-8"?>
<!-- Generated by org.testng.reporters.JUnitReportReporter -->
<testsuite hostname="ArinaJoshi" failures="0" tests="3" name="testng.Day12b" time="0.005" errors="0" timestamp="2023-10-07T14:03:24 CDT" skipped="0">
  <testcase classname="testng.Day12b" name="TestcaseFive" time="0.001"/>
  <testcase classname="testng.Day12b" name="TestcaseSix" time="0.002"/>
  <testcase classname="testng.Day12b" name="TestcaseFour" time="0.002"/>
</testsuite> <!-- testng.Day12b -->
