<?xml version="1.0" encoding="UTF-8"?>
<!-- Generated by org.testng.reporters.JUnitReportReporter -->
<testsuite hostname="ArinaJoshi" failures="0" tests="3" name="testng.Day11" time="10.434" errors="0" timestamp="2023-10-23T13:35:50 CDT" skipped="0">
  <testcase classname="testng.Day11" name="TestCase2" time="4.320"/>
  <testcase classname="testng.Day11" name="TestCase4" time="3.102"/>
  <testcase classname="testng.Day11" name="TestCase3" time="3.012"/>
</testsuite> <!-- testng.Day11 -->
