<?xml version="1.0" encoding="UTF-8"?>
<!-- Generated by org.testng.reporters.JUnitReportReporter -->
<testsuite hostname="ArinaJoshi" failures="0" tests="3" name="testng.Day3" time="0.032" errors="0" timestamp="2023-10-03T14:18:02 CDT" skipped="0">
  <testcase classname="testng.Day3" name="test1" time="0.005"/>
  <testcase classname="testng.Day3" name="test2" time="0.023"/>
  <testcase classname="testng.Day3" name="test3" time="0.004"/>
</testsuite> <!-- testng.Day3 -->
