<?xml version="1.0" encoding="UTF-8"?>
<!-- Generated by org.testng.reporters.JUnitReportReporter -->
<testsuite hostname="ArinaJoshi" failures="0" tests="2" name="testng.Day6" time="8.046" errors="0" timestamp="2023-10-04T06:11:08 CDT" skipped="0">
  <testcase classname="testng.Day6" name="test1" time="3.284"/>
  <testcase classname="testng.Day6" name="test2" time="4.762"/>
</testsuite> <!-- testng.Day6 -->
