<?xml version="1.0" encoding="UTF-8"?>
<!-- Generated by org.testng.reporters.JUnitReportReporter -->
<testsuite hostname="ArinaJoshi" failures="0" tests="1" name="testng.Day12c" time="0.016" errors="0" timestamp="2023-10-23T13:43:37 CDT" skipped="0">
  <testcase classname="testng.Day12c" name="TestcaseFour" time="0.016"/>
</testsuite> <!-- testng.Day12c -->
