<?xml version="1.0" encoding="UTF-8"?>
<!-- Generated by org.testng.reporters.JUnitReportReporter -->
<testsuite hostname="ArinaJoshi" failures="0" tests="3" name="testng.Day13bGroup" time="0.004" errors="0" timestamp="2023-10-23T19:09:50 CDT" skipped="0">
  <testcase classname="testng.Day13bGroup" name="testCase4" time="0.001"/>
  <testcase classname="testng.Day13bGroup" name="testCase6" time="0.001"/>
  <testcase classname="testng.Day13bGroup" name="testCase5" time="0.002"/>
</testsuite> <!-- testng.Day13bGroup -->
