<?xml version="1.0" encoding="UTF-8"?>
<!-- Generated by org.testng.reporters.JUnitReportReporter -->
<testsuite hostname="ArinaJoshi" failures="0" tests="1" name="testng.Day12c" time="0.011" errors="0" timestamp="2023-10-07T14:14:56 CDT" skipped="0">
  <testcase classname="testng.Day12c" name="TestcaseFour" time="0.011"/>
</testsuite> <!-- testng.Day12c -->
