<?xml version="1.0" encoding="UTF-8"?>
<!-- Generated by org.testng.reporters.JUnitReportReporter -->
<testsuite hostname="ArinaJoshi" failures="0" tests="2" name="testng.Day5" time="10.189" errors="0" timestamp="2023-10-23T22:58:08 CDT" skipped="0">
  <testcase classname="testng.Day5" name="testTwo" time="6.482"/>
  <testcase classname="testng.Day5" name="testOne" time="3.707"/>
</testsuite> <!-- testng.Day5 -->
