<?xml version="1.0" encoding="UTF-8"?>
<!-- Generated by org.testng.reporters.JUnitReportReporter -->
<testsuite hostname="ArinaJoshi" failures="0" tests="2" name="testng.Day4" time="0.012" errors="0" timestamp="2023-10-03T14:30:37 CDT" skipped="0">
  <testcase classname="testng.Day4" name="test1" time="0.008"/>
  <testcase classname="testng.Day4" name="test2" time="0.004"/>
</testsuite> <!-- testng.Day4 -->
