<?xml version="1.0" encoding="UTF-8"?>
<!-- Generated by org.testng.reporters.JUnitReportReporter -->
<testsuite hostname="ArinaJoshi" failures="0" tests="3" name="testng.Day9DataProvider" time="17.817" errors="0" timestamp="2023-10-08T21:35:16 CDT" skipped="0">
  <testcase classname="testng.Day9DataProvider" name="Login" time="8.333"/>
  <testcase classname="testng.Day9DataProvider" name="Login" time="2.097"/>
  <testcase classname="testng.Day9DataProvider" name="Login" time="7.387"/>
</testsuite> <!-- testng.Day9DataProvider -->
