<?xml version="1.0" encoding="UTF-8"?>
<!-- Generated by org.testng.reporters.JUnitReportReporter -->
<testsuite hostname="ArinaJoshi" failures="0" tests="1" name="testcaseSauceDemo.Login" time="4.971" errors="0" timestamp="2023-10-20T19:56:20 CDT" skipped="0">
  <testcase classname="testcaseSauceDemo.Login" name="testSuccessfulLogin" time="4.971"/>
</testsuite> <!-- testcaseSauceDemo.Login -->
