<?xml version="1.0" encoding="UTF-8"?>
<!-- Generated by org.testng.reporters.JUnitReportReporter -->
<testsuite hostname="ArinaJoshi" failures="0" tests="5" name="testng.Day7actions" time="36.093" errors="0" timestamp="2023-10-06T10:47:02 CDT" skipped="0">
  <testcase classname="testng.Day7actions" name="TestCaseFive" time="2.870"/>
  <testcase classname="testng.Day7actions" name="TestCaseFour" time="2.586"/>
  <testcase classname="testng.Day7actions" name="TestCaseThree" time="2.768"/>
  <testcase classname="testng.Day7actions" name="TestCase" time="25.056"/>
  <testcase classname="testng.Day7actions" name="TestCaseTwo" time="2.813"/>
</testsuite> <!-- testng.Day7actions -->
